[2024-04-15T20:42:21.102Z] info: Server is running on port 3000
[2024-04-16T07:40:20.725Z] info: Server is running on port 3000
[2024-04-16T07:40:28.676Z] error: Authentication failed: jwt expired
[2024-04-16T07:40:46.048Z] error: Error creating user: data and salt arguments required
[2024-04-17T05:26:06.134Z] info: Server is running on port 3000
[2024-04-17T09:06:26.061Z] info: Server is running on port 3000
[2024-04-17T14:47:51.914Z] info: Server is running on port 3000
[2024-04-18T08:38:40.904Z] info: Server is running on port 3000
[2024-06-03T15:05:31.469Z] info: Server is running on port 3000
[2024-09-20T11:51:02.104Z] info: Server is running on port 3000
[2024-09-20T12:14:34.331Z] info: Server is running on port 3000
[2024-09-20T12:20:17.081Z] error: Authentication failed: Cannot read properties of undefined (reading 'replace')
[2024-09-20T12:37:39.346Z] info: Server is running on port 3000
[2024-09-20T12:38:43.852Z] info: Server is running on port 3000
[2024-09-20T12:39:00.598Z] info: Server is running on port 3000
[2024-09-20T12:39:04.829Z] info: Server is running on port 3000
[2024-09-20T12:39:08.797Z] info: Server is running on port 3000
[2024-09-20T12:40:24.696Z] info: Server is running on port 3000
[2024-09-20T12:53:54.486Z] info: Server is running on port 3000
[2024-09-20T12:53:56.082Z] info: Server is running on port 3000
[2024-09-20T12:54:10.993Z] info: Server is running on port 3000
[2024-09-20T12:54:20.710Z] info: Server is running on port 3000
[2024-09-20T12:54:25.273Z] info: Server is running on port 3000
[2024-09-20T12:54:27.813Z] info: Server is running on port 3000
[2024-09-20T12:54:36.478Z] info: Server is running on port 3000
[2024-09-20T12:54:44.422Z] info: Server is running on port 3000
[2024-09-20T12:54:48.141Z] info: Server is running on port 3000
[2024-09-20T12:54:53.113Z] info: Server is running on port 3000
[2024-09-20T12:56:05.082Z] info: Server is running on port 3000
[2024-09-20T12:56:10.188Z] info: Server is running on port 3000
[2024-09-20T12:56:15.717Z] info: Server is running on port 3000
[2024-09-20T12:56:49.232Z] info: Server is running on port 3000
[2024-09-20T12:58:42.654Z] info: Server is running on port 3000
[2024-09-20T12:59:43.602Z] info: Server is running on port 3000
[2024-09-20T13:01:20.550Z] info: Server is running on port 3000
[2024-09-20T13:03:47.303Z] info: Server is running on port 3000
[2024-09-20T13:04:10.519Z] info: Server is running on port 3000
[2024-09-20T13:11:16.308Z] info: Server is running on port 3000
[2024-09-20T13:13:56.371Z] error: Authentication failed: Cannot read properties of undefined (reading 'replace')
[2024-09-20T13:15:09.511Z] error: Authentication failed: jwt malformed
[2024-09-20T13:19:59.913Z] info: Server is running on port 3000
[2024-09-20T13:26:59.307Z] info: Server is running on port 3000
[2024-09-20T13:30:52.093Z] error: Authentication failed: Cannot read properties of undefined (reading 'replace')
[2024-09-20T13:33:00.649Z] error: Authentication failed: Cannot read properties of undefined (reading 'replace')
[2024-09-20T13:35:02.846Z] info: Server is running on port 3000
[2024-09-20T13:35:37.954Z] info: Server is running on port 3000
[2024-09-20T13:35:51.672Z] info: Server is running on port 3000
[2024-09-20T13:36:40.803Z] info: Server is running on port 3000
[2024-09-20T13:36:42.493Z] info: Server is running on port 3000
[2024-09-20T13:37:00.450Z] info: Server is running on port 3000
[2024-09-20T13:37:03.667Z] info: Server is running on port 3000
[2024-09-20T13:37:08.865Z] info: Server is running on port 3000
[2024-09-20T13:37:25.533Z] info: Server is running on port 3000
[2024-09-20T13:37:34.254Z] info: Server is running on port 3000
[2024-09-20T13:37:39.229Z] info: Server is running on port 3000
[2024-09-20T13:37:43.169Z] info: Server is running on port 3000
[2024-09-20T13:40:26.990Z] error: Error creating driver: Cast to ObjectId failed for value "ambulance1" (type string) at path "_id" for model "Ambulance"
[2024-09-20T13:42:03.625Z] error: Error creating driver: Cast to ObjectId failed for value "2234" (type string) at path "_id" for model "Ambulance"
[2024-09-20T13:42:37.726Z] info: Server is running on port 3000
[2024-09-20T13:44:17.066Z] info: Server is running on port 3000
[2024-09-20T13:44:28.646Z] info: Server is running on port 3000
[2024-09-20T13:44:42.871Z] info: Server is running on port 3000
[2024-09-20T13:44:48.917Z] info: Server is running on port 3000
[2024-09-20T13:44:51.098Z] info: Server is running on port 3000
[2024-09-20T13:45:14.202Z] info: Server is running on port 3000
[2024-09-20T13:45:30.869Z] info: Server is running on port 3000
[2024-09-20T13:47:16.883Z] info: Server is running on port 3000
[2024-09-20T13:47:28.170Z] info: Server is running on port 3000
[2024-09-20T13:47:31.543Z] info: Server is running on port 3000
[2024-09-20T13:53:26.674Z] info: Server is running on port 3000
[2024-09-20T14:04:20.398Z] error: Authentication failed: Cannot read properties of undefined (reading 'replace')
[2024-09-20T14:05:30.209Z] error: Error creating hospital: Hospital validation failed: name: Path `name` is required., location: Path `location` is required.
[2024-09-20T14:05:57.633Z] info: Server is running on port 3000
[2024-09-20T14:06:36.781Z] info: Server is running on port 3000
[2024-09-20T14:06:41.027Z] info: Server is running on port 3000
[2024-09-20T14:06:51.752Z] info: Server is running on port 3000
[2024-09-20T14:07:03.433Z] info: Server is running on port 3000
[2024-09-20T14:07:13.961Z] error: Error creating hospital: Hospital validation failed: name: Path `name` is required., location: Path `location` is required.
[2024-09-20T14:10:38.010Z] info: Server is running on port 3000
[2024-09-20T14:10:50.562Z] info: Server is running on port 3000
[2024-09-20T14:10:50.927Z] error: Authentication failed: jwt expired
[2024-09-20T14:11:02.471Z] error: Authentication failed: jwt expired
[2024-09-20T14:11:32.577Z] error: Authentication failed: jwt expired
[2024-09-20T14:15:35.925Z] info: Server is running on port 3000
[2024-09-20T14:16:26.015Z] info: Server is running on port 3000
[2024-09-20T14:16:28.346Z] info: Server is running on port 3000
[2024-09-20T14:16:31.424Z] info: Server is running on port 3000
[2024-09-20T14:16:34.502Z] info: Server is running on port 3000
[2024-09-20T14:16:38.296Z] info: Server is running on port 3000
[2024-09-20T14:16:44.818Z] info: Server is running on port 3000
[2024-09-20T14:19:37.073Z] info: Server is running on port 3000
[2024-09-20T14:23:59.444Z] error: Authentication failed: jwt expired
[2024-09-20T14:24:44.616Z] error: Authentication failed: jwt expired
[2024-09-20T14:26:43.644Z] info: Server is running on port 3000
[2024-09-20T14:26:52.239Z] info: Server is running on port 3000
[2024-09-20T14:29:19.176Z] info: Server is running on port 3000
[2024-09-20T14:35:56.705Z] info: Server is running on port 3000
[2024-09-20T14:36:47.716Z] info: Server is running on port 3000
[2024-09-20T14:37:20.452Z] info: Server is running on port 3000
[2024-09-20T14:37:42.288Z] info: Server is running on port 3000
[2024-09-20T14:37:53.016Z] info: Server is running on port 3000
[2024-09-20T14:37:55.649Z] info: Server is running on port 3000
[2024-09-20T14:39:59.499Z] info: Server is running on port 3000
[2024-09-20T14:40:33.386Z] info: Server is running on port 3000
[2024-09-20T14:40:41.483Z] info: Server is running on port 3000
[2024-09-20T14:40:46.263Z] info: Server is running on port 3000
[2024-09-20T14:40:54.822Z] info: Server is running on port 3000
[2024-09-20T14:40:58.684Z] info: Server is running on port 3000
[2024-09-20T14:41:12.090Z] info: Server is running on port 3000
[2024-09-20T14:41:24.326Z] info: Server is running on port 3000
[2024-09-20T14:41:30.283Z] info: Server is running on port 3000
[2024-09-20T14:41:36.466Z] info: Server is running on port 3000
[2024-09-20T14:41:40.254Z] info: Server is running on port 3000
[2024-09-20T14:41:48.856Z] info: Server is running on port 3000
[2024-09-20T14:42:35.772Z] info: Server is running on port 3000
[2024-09-20T14:43:27.136Z] info: Server is running on port 3000
[2024-09-20T14:43:43.510Z] info: Server is running on port 3000
[2024-09-20T14:44:16.440Z] info: Server is running on port 3000
[2024-09-20T14:44:23.407Z] info: Server is running on port 3000
[2024-09-20T14:44:30.765Z] info: Server is running on port 3000
[2024-09-20T14:45:01.465Z] info: Server is running on port 3000
[2024-09-20T14:45:12.114Z] error: Error deleting hospital: Cannot set headers after they are sent to the client
[2024-09-20T14:45:58.025Z] info: Server is running on port 3000
[2024-09-20T14:46:08.718Z] error: Error deleting hospital: Cannot set headers after they are sent to the client
[2024-09-20T14:46:28.207Z] info: Server is running on port 3000
[2024-09-20T14:51:05.451Z] info: Server is running on port 3000
[2024-09-20T14:51:15.628Z] error: Error deleting hospital: mongoose is not defined
[2024-09-20T14:51:35.869Z] info: Server is running on port 3000
[2024-09-20T14:51:47.499Z] info: Server is running on port 3000
[2024-09-20T14:52:26.430Z] info: Server is running on port 3000
[2024-09-20T14:52:35.935Z] info: Server is running on port 3000
[2024-09-20T14:58:43.194Z] info: Server is running on port 3000
[2024-09-20T14:58:48.310Z] info: Server is running on port 3000
[2024-09-20T14:59:33.805Z] info: Server is running on port 3000
[2024-09-20T15:01:38.836Z] info: Server is running on port 3000
[2024-09-20T15:04:39.356Z] info: Server is running on port 3000
[2024-09-20T15:04:53.623Z] info: Server is running on port 3000
[2024-09-20T15:05:06.991Z] info: Server is running on port 3000
[2024-09-20T15:05:29.230Z] info: Server is running on port 3000
[2024-09-20T15:05:34.641Z] info: Server is running on port 3000
[2024-09-20T15:05:44.343Z] info: Server is running on port 3000
[2024-09-20T15:05:48.635Z] info: Server is running on port 3000
[2024-09-20T15:05:52.293Z] info: Server is running on port 3000
[2024-09-20T15:06:05.453Z] info: Server is running on port 3000
[2024-09-20T15:06:10.009Z] info: Server is running on port 3000
[2024-09-20T15:06:19.548Z] info: Server is running on port 3000
[2024-09-20T15:06:56.497Z] info: Server is running on port 3000
[2024-09-20T15:07:02.320Z] info: Server is running on port 3000
[2024-09-20T15:07:10.416Z] info: Server is running on port 3000
[2024-09-20T15:07:18.384Z] info: Server is running on port 3000
[2024-09-20T15:07:36.217Z] info: Server is running on port 3000
[2024-09-20T15:07:52.914Z] info: Server is running on port 3000
[2024-09-20T15:07:55.735Z] info: Server is running on port 3000
[2024-09-20T15:08:07.248Z] info: Server is running on port 3000
[2024-09-20T15:08:15.306Z] info: Server is running on port 3000
[2024-09-20T15:08:18.029Z] info: Server is running on port 3000
[2024-09-20T15:08:24.145Z] info: Server is running on port 3000
[2024-09-20T15:08:32.950Z] info: Server is running on port 3000
[2024-09-20T15:09:44.854Z] error: Error creating hospital: Cannot set headers after they are sent to the client
[2024-09-20T15:10:09.576Z] info: Server is running on port 3000
[2024-09-20T15:10:18.347Z] info: Server is running on port 3000
[2024-09-20T15:11:41.062Z] info: Server is running on port 3000
[2024-09-20T15:11:53.643Z] info: Server is running on port 3000
[2024-09-20T15:11:58.391Z] info: Server is running on port 3000
[2024-09-20T15:12:31.146Z] info: Server is running on port 3000
[2024-09-20T15:12:36.193Z] info: Server is running on port 3000
[2024-09-20T15:12:50.293Z] info: Server is running on port 3000
[2024-09-20T15:19:57.758Z] info: Server is running on port 3000
[2024-09-20T15:30:30.038Z] error: Authentication failed: jwt expired
[2024-09-20T15:38:51.677Z] info: Server is running on port 3000
[2024-09-20T15:38:58.563Z] info: Server is running on port 3000
[2024-09-20T15:39:53.125Z] info: Server is running on port 3000
[2024-09-20T15:39:56.829Z] info: Server is running on port 3000
[2024-09-20T15:40:38.472Z] info: Server is running on port 3000
[2024-09-20T15:41:21.831Z] info: Server is running on port 3000
[2024-09-20T15:41:27.716Z] info: Server is running on port 3000
[2024-09-20T15:41:32.161Z] info: Server is running on port 3000
[2024-09-20T15:41:39.639Z] info: Server is running on port 3000
[2024-09-20T15:41:47.741Z] info: Server is running on port 3000
[2024-09-20T15:42:02.847Z] info: Server is running on port 3000
[2024-09-20T15:42:29.793Z] info: Server is running on port 3000
[2024-09-20T15:42:38.776Z] info: Server is running on port 3000
[2024-09-20T15:42:43.100Z] info: Server is running on port 3000
[2024-09-20T15:42:51.428Z] info: Server is running on port 3000
[2024-09-20T15:42:54.101Z] info: Server is running on port 3000
[2024-09-20T15:42:58.199Z] info: Server is running on port 3000
[2024-09-20T15:43:10.554Z] info: Server is running on port 3000
[2024-09-20T15:43:58.538Z] info: Server is running on port 3000
[2024-09-20T15:44:50.892Z] info: Server is running on port 3000
[2024-09-20T15:46:33.546Z] info: Server is running on port 3000
[2024-09-20T15:46:47.212Z] info: Server is running on port 3000
[2024-09-20T15:46:57.452Z] info: Server is running on port 3000
[2024-09-20T15:46:59.762Z] info: Server is running on port 3000
[2024-09-20T15:47:22.373Z] error: Error creating appointment: res.status.send is not a function
[2024-09-20T15:47:51.066Z] info: Server is running on port 3000
[2024-09-20T15:48:07.782Z] info: Server is running on port 3000
[2024-09-20T15:48:17.838Z] error: Error creating appointment: Cannot set headers after they are sent to the client
[2024-09-20T15:48:48.779Z] info: Server is running on port 3000
[2024-09-20T15:51:27.447Z] info: Server is running on port 3000
[2024-09-20T15:51:37.944Z] info: Server is running on port 3000
[2024-09-20T15:51:54.301Z] info: Server is running on port 3000
[2024-09-20T15:52:17.433Z] info: Server is running on port 3000
[2024-09-20T15:52:24.333Z] info: Server is running on port 3000
[2024-09-20T15:52:46.464Z] info: Server is running on port 3000
[2024-09-20T15:52:49.408Z] info: Server is running on port 3000
[2024-09-20T15:52:53.601Z] info: Server is running on port 3000
[2024-09-20T15:53:20.323Z] info: Server is running on port 3000
[2024-09-20T15:53:39.585Z] info: Server is running on port 3000
[2024-09-20T15:54:01.198Z] info: Server is running on port 3000
[2024-09-20T15:54:07.349Z] info: Server is running on port 3000
[2024-09-20T15:54:20.362Z] info: Server is running on port 3000
[2024-09-20T15:54:25.952Z] info: Server is running on port 3000
[2024-09-20T15:55:06.054Z] info: Server is running on port 3000
[2024-09-20T15:55:25.833Z] info: Server is running on port 3000
[2024-09-20T15:55:31.335Z] info: Server is running on port 3000
[2024-09-20T16:00:37.736Z] info: Server is running on port 3000
[2024-09-20T16:00:49.283Z] error: Error updating appointment: Hospital is not defined
[2024-09-20T16:02:33.951Z] info: Server is running on port 3000
[2024-09-20T16:04:45.203Z] error: Error updating appointment: Cannot set headers after they are sent to the client
[2024-09-20T16:05:32.012Z] info: Server is running on port 3000
[2024-09-20T16:05:47.538Z] info: Server is running on port 3000
[2024-09-20T16:06:42.365Z] error: Error updating appointment: Cast to ObjectId failed for value "66ed6f0acd1ef5ec5e76d7633" (type string) at path "_id" for model "Appointment"
[2024-09-20T16:07:29.998Z] info: Server is running on port 3000
[2024-09-20T16:07:39.635Z] info: Server is running on port 3000
[2024-09-20T16:08:35.001Z] info: Server is running on port 3000
[2024-09-21T08:53:21.251Z] info: Server is running on port 3000
[2024-09-21T09:05:20.131Z] error: Error creating ambulance: Ambulance validation failed: licensePlate: Path `licensePlate` is required., make: Path `make` is required., model: Path `model` is required.
[2024-09-21T09:07:29.092Z] info: Server is running on port 3000
[2024-09-21T09:08:03.773Z] info: Server is running on port 3000
[2024-09-21T09:08:39.831Z] info: Server is running on port 3000
[2024-09-21T09:08:43.434Z] info: Server is running on port 3000
[2024-09-21T09:08:45.785Z] info: Server is running on port 3000
[2024-09-21T09:08:53.499Z] info: Server is running on port 3000
[2024-09-21T09:09:12.454Z] info: Server is running on port 3000
[2024-09-21T09:09:17.606Z] info: Server is running on port 3000
[2024-09-21T09:09:19.172Z] info: Server is running on port 3000
[2024-09-21T09:09:24.644Z] info: Server is running on port 3000
[2024-09-21T09:09:41.859Z] info: Server is running on port 3000
[2024-09-21T09:09:47.440Z] info: Server is running on port 3000
[2024-09-21T09:09:52.400Z] info: Server is running on port 3000
[2024-09-21T09:10:01.215Z] info: Server is running on port 3000
[2024-09-21T09:10:05.457Z] info: Server is running on port 3000
[2024-09-21T09:10:08.568Z] info: Server is running on port 3000
[2024-09-21T09:10:11.668Z] info: Server is running on port 3000
[2024-09-21T09:10:15.701Z] info: Server is running on port 3000
[2024-09-21T09:10:21.061Z] info: Server is running on port 3000
[2024-09-21T09:10:29.345Z] info: Server is running on port 3000
[2024-09-21T09:10:31.346Z] info: Server is running on port 3000
[2024-09-21T09:10:37.535Z] info: Server is running on port 3000
[2024-09-21T09:10:46.740Z] info: Server is running on port 3000
[2024-09-21T09:10:53.167Z] info: Server is running on port 3000
[2024-09-21T09:10:56.625Z] info: Server is running on port 3000
[2024-09-21T09:11:02.132Z] info: Server is running on port 3000
[2024-09-21T09:11:09.919Z] info: Server is running on port 3000
[2024-09-21T09:11:44.118Z] info: Server is running on port 3000
[2024-09-21T09:11:54.679Z] info: Server is running on port 3000
[2024-09-21T09:12:07.051Z] info: Server is running on port 3000
[2024-09-21T09:12:10.632Z] info: Server is running on port 3000
[2024-09-21T09:15:08.820Z] error: Error creating ambulance: Parameter "filter" to findOne() must be an object, got "RAM34" (type string)
[2024-09-21T09:15:46.246Z] info: Server is running on port 3000
[2024-09-21T09:15:49.713Z] info: Server is running on port 3000
[2024-09-21T09:16:04.047Z] error: Error creating ambulance: Can't extract geo keys: { _id: ObjectId('66ee8ed3f53dc2db2ae5f93c'), licensePlate: "RAM34", make: "US", model: "mercedes", location: { type: "Point", coordinates: [ 3432, 123432 ] }, __v: 0 }  Longitude/latitude is out of bounds, lng: 3432 lat: 123432
[2024-09-21T09:17:46.505Z] error: Error creating ambulance: Cannot set headers after they are sent to the client
[2024-09-21T09:18:50.632Z] info: Server is running on port 3000
[2024-09-21T09:22:31.921Z] info: Server is running on port 3000
[2024-09-21T09:22:39.311Z] info: Server is running on port 3000
[2024-09-21T09:22:55.606Z] info: Server is running on port 3000
[2024-09-21T09:23:09.760Z] info: Server is running on port 3000
[2024-09-21T09:23:14.413Z] info: Server is running on port 3000
[2024-09-21T09:23:21.615Z] info: Server is running on port 3000
[2024-09-21T09:23:33.083Z] info: Server is running on port 3000
[2024-09-21T09:23:38.012Z] info: Server is running on port 3000
[2024-09-21T09:23:40.656Z] info: Server is running on port 3000
[2024-09-21T09:24:06.936Z] info: Server is running on port 3000
[2024-09-21T09:25:49.423Z] info: Server is running on port 3000
[2024-09-21T09:26:08.261Z] info: Server is running on port 3000
[2024-09-21T09:26:42.477Z] info: Server is running on port 3000
[2024-09-21T09:26:47.192Z] info: Server is running on port 3000
[2024-09-21T09:26:52.456Z] info: Server is running on port 3000
[2024-09-21T09:27:02.905Z] info: Server is running on port 3000
[2024-09-21T09:27:10.051Z] info: Server is running on port 3000
[2024-09-21T09:27:13.834Z] info: Server is running on port 3000
[2024-09-21T09:27:20.480Z] info: Server is running on port 3000
[2024-09-21T09:27:41.271Z] info: Server is running on port 3000
[2024-09-21T09:27:46.746Z] error: Error updating ambulance: Cast to ObjectId failed for value "66ee8f83ee89af7e18c5c6e" (type string) at path "_id" for model "Ambulance"
[2024-09-21T09:28:13.405Z] error: Error updating ambulance: Plan executor error during findAndModify :: caused by :: Can't extract geo keys: { _id: ObjectId('66ee8f83ee89af7e18c5c6e0'), licensePlate: "RAC3489", make: "US", model: "Rover", location: { type: "Point", coordinates: [ null, null ] }, __v: 0 }  Point must only contain numeric elements, instead got type null
[2024-09-21T09:28:40.765Z] info: Server is running on port 3000
[2024-09-21T09:28:55.967Z] info: Server is running on port 3000
[2024-09-21T09:29:01.254Z] info: Server is running on port 3000
[2024-09-21T09:29:06.321Z] info: Server is running on port 3000
[2024-09-21T09:29:16.510Z] info: Server is running on port 3000
[2024-09-21T09:29:20.115Z] info: Server is running on port 3000
[2024-09-21T09:29:24.846Z] info: Server is running on port 3000
[2024-09-21T09:35:58.275Z] info: Server is running on port 3000
[2024-09-21T09:36:05.920Z] info: Server is running on port 3000
[2024-09-21T09:36:35.690Z] info: Server is running on port 3000
[2024-09-21T09:36:39.470Z] info: Server is running on port 3000
[2024-09-21T09:36:43.755Z] info: Server is running on port 3000
[2024-09-21T09:37:04.106Z] info: Server is running on port 3000
[2024-09-21T09:37:09.011Z] info: Server is running on port 3000
[2024-09-21T09:37:20.887Z] info: Server is running on port 3000
[2024-09-21T09:38:26.099Z] info: Server is running on port 3000
[2024-09-21T09:38:40.663Z] info: Server is running on port 3000
[2024-09-21T09:39:15.788Z] info: Server is running on port 3000
[2024-09-21T09:39:47.198Z] info: Server is running on port 3000
[2024-09-21T09:40:07.470Z] info: Server is running on port 3000
[2024-09-21T09:40:16.132Z] info: Server is running on port 3000
[2024-09-21T09:40:22.165Z] info: Server is running on port 3000
[2024-09-21T09:40:38.382Z] info: Server is running on port 3000
[2024-09-21T09:40:47.289Z] info: Server is running on port 3000
[2024-09-21T09:41:55.846Z] info: Server is running on port 3000
[2024-09-21T09:42:16.514Z] info: Server is running on port 3000
[2024-09-21T09:42:39.417Z] info: Server is running on port 3000
[2024-09-21T09:43:01.072Z] info: Server is running on port 3000
[2024-09-21T09:43:04.950Z] info: Server is running on port 3000
[2024-09-21T09:43:31.085Z] error: Authentication failed: jwt expired
[2024-09-21T09:46:36.957Z] error: Error updating driver: Parameter "filter" to findOne() must be an object, got "66ee9361826449e5c3de5af1" (type string)
[2024-09-21T09:47:19.398Z] info: Server is running on port 3000
[2024-09-21T09:48:00.424Z] info: Server is running on port 3000
[2024-09-21T09:51:40.760Z] info: Server is running on port 3000
[2024-09-21T09:51:48.138Z] info: Server is running on port 3000
[2024-09-21T09:52:21.939Z] info: Server is running on port 3000
[2024-09-21T09:52:25.308Z] info: Server is running on port 3000
[2024-09-21T09:53:00.703Z] info: Server is running on port 3000
[2024-09-21T09:53:15.155Z] info: Server is running on port 3000
[2024-09-21T09:53:41.754Z] info: Server is running on port 3000
[2024-09-21T09:53:51.354Z] info: Server is running on port 3000
[2024-09-21T09:53:58.455Z] info: Server is running on port 3000
[2024-09-21T09:54:08.436Z] info: Server is running on port 3000
[2024-09-21T09:54:20.358Z] info: Server is running on port 3000
[2024-09-21T09:54:29.549Z] info: Server is running on port 3000
[2024-09-21T09:58:57.631Z] info: Server is running on port 3000
[2024-09-21T09:59:03.110Z] info: Server is running on port 3000
[2024-09-21T09:59:31.619Z] info: Server is running on port 3000
[2024-09-21T09:59:52.678Z] info: Server is running on port 3000
[2024-09-21T09:59:56.390Z] info: Server is running on port 3000
[2024-09-21T10:00:00.398Z] info: Server is running on port 3000
[2024-09-21T10:00:30.899Z] info: Server is running on port 3000
[2024-09-21T10:00:36.514Z] info: Server is running on port 3000
[2024-09-21T10:02:00.999Z] error: Error deleting driver: Parameter "filter" to findOne() must be an object, got "66ee9934601ecd94eb461866" (type string)
[2024-09-21T10:02:33.132Z] info: Server is running on port 3000
[2024-09-21T10:02:42.483Z] info: Server is running on port 3000
[2024-09-21T10:03:16.706Z] info: Server is running on port 3000
[2024-09-21T10:05:41.896Z] info: Server is running on port 3000
[2024-09-21T10:06:43.197Z] info: Server is running on port 3000
[2024-09-21T10:06:55.579Z] info: Server is running on port 3000
[2024-09-21T10:08:12.513Z] info: Server is running on port 3000
[2024-09-21T10:08:30.335Z] info: Server is running on port 3000
[2024-09-21T10:08:41.067Z] info: Server is running on port 3000
[2024-09-21T10:09:04.989Z] info: Server is running on port 3000
[2024-09-21T10:09:08.204Z] info: Server is running on port 3000
[2024-09-21T10:09:17.201Z] info: Server is running on port 3000
[2024-09-21T10:09:19.771Z] info: Server is running on port 3000
[2024-09-21T10:09:40.334Z] info: Server is running on port 3000
[2024-09-21T10:09:43.415Z] info: Server is running on port 3000
[2024-09-21T10:09:52.057Z] info: Server is running on port 3000
[2024-09-21T10:09:56.174Z] info: Server is running on port 3000
[2024-09-21T10:10:02.196Z] info: Server is running on port 3000
[2024-09-21T10:10:07.541Z] info: Server is running on port 3000
[2024-09-21T10:10:12.802Z] info: Server is running on port 3000
[2024-09-21T10:10:15.996Z] info: Server is running on port 3000
[2024-09-21T10:10:51.430Z] info: Server is running on port 3000
[2024-09-21T10:10:56.869Z] info: Server is running on port 3000
[2024-09-21T10:11:02.908Z] info: Server is running on port 3000
[2024-09-21T10:11:04.518Z] info: Server is running on port 3000
[2024-09-21T10:11:07.825Z] info: Server is running on port 3000
[2024-09-21T10:11:11.741Z] info: Server is running on port 3000
[2024-09-21T10:11:14.483Z] info: Server is running on port 3000
[2024-09-21T10:11:16.838Z] info: Server is running on port 3000
[2024-09-21T10:11:26.471Z] info: Server is running on port 3000
[2024-09-21T10:11:44.370Z] info: Server is running on port 3000
[2024-09-21T10:11:48.564Z] info: Server is running on port 3000
[2024-09-21T10:11:59.169Z] info: Server is running on port 3000
[2024-09-21T10:12:19.056Z] info: Server is running on port 3000
[2024-09-21T10:12:23.679Z] info: Server is running on port 3000
[2024-09-21T10:12:45.609Z] info: Server is running on port 3000
[2024-09-21T10:13:01.968Z] info: Server is running on port 3000
[2024-09-21T10:13:05.997Z] info: Server is running on port 3000
[2024-09-21T10:13:20.148Z] info: Server is running on port 3000
[2024-09-21T10:13:39.760Z] info: Server is running on port 3000
[2024-09-21T10:15:23.084Z] info: Server is running on port 3000
[2024-09-21T10:15:44.264Z] info: Server is running on port 3000
[2024-09-21T10:15:47.517Z] info: Server is running on port 3000
[2024-09-21T10:15:50.359Z] info: Server is running on port 3000
[2024-09-21T10:15:53.120Z] info: Server is running on port 3000
[2024-09-21T10:16:00.724Z] info: Server is running on port 3000
[2024-09-21T10:16:59.026Z] info: Server is running on port 3000
[2024-09-21T10:17:24.281Z] info: Server is running on port 3000
[2024-09-21T10:17:32.800Z] info: Server is running on port 3000
[2024-09-21T10:17:39.410Z] info: Server is running on port 3000
[2024-09-21T10:18:13.876Z] info: Server is running on port 3000
[2024-09-21T10:18:17.071Z] info: Server is running on port 3000
[2024-09-21T10:19:41.141Z] info: Server is running on port 3000
[2024-09-21T10:22:47.648Z] info: Server is running on port 3000
[2024-09-21T10:23:23.274Z] info: Server is running on port 3000
[2024-09-21T10:23:36.928Z] info: Server is running on port 3000
[2024-09-21T10:23:41.731Z] info: Server is running on port 3000
[2024-09-21T10:23:50.633Z] info: Server is running on port 3000
[2024-09-21T11:58:26.986Z] info: Server is running on port 3000
[2024-09-21T12:06:56.100Z] info: Server is running on port 3000
[2024-09-21T12:08:57.053Z] info: Server is running on port 3000
[2024-09-21T12:22:24.023Z] info: Server is running on port 3000
[2024-09-21T12:24:29.138Z] info: Server is running on port 3000
[2024-09-21T12:33:20.377Z] info: Server is running on port 3000
[2024-09-21T12:40:23.437Z] info: Server is running on port 3000
[2024-09-21T12:41:36.939Z] info: Server is running on port 3000
[2024-09-21T12:42:34.450Z] info: Server is running on port 3000
[2024-09-21T12:42:54.848Z] info: Server is running on port 3000
[2024-09-21T12:43:44.008Z] info: Server is running on port 3000
[2024-09-21T12:43:48.117Z] info: Server is running on port 3000
[2024-09-21T12:43:51.776Z] info: Server is running on port 3000
[2024-09-21T12:45:03.417Z] info: Server is running on port 3000
[2024-09-21T12:48:58.035Z] error: Authentication failed: invalid token
[2024-09-21T12:49:52.642Z] error: Authentication failed: invalid token
[2024-09-21T12:51:24.844Z] error: Authentication failed: invalid token
[2024-09-21T12:52:55.448Z] error: Authentication failed: invalid token
[2024-09-21T12:53:44.925Z] error: Authentication failed: invalid token
[2024-09-21T12:53:47.292Z] error: Authentication failed: invalid token
[2024-09-21T12:53:55.459Z] error: Authentication failed: invalid token
[2024-09-21T12:54:18.021Z] error: Authentication failed: invalid token
[2024-09-21T13:08:45.657Z] info: Server is running on port 3000
[2024-09-21T13:19:57.184Z] info: Server is running on port 3000
[2024-09-21T13:20:58.411Z] info: Server is running on port 3000
[2024-09-21T13:22:10.712Z] info: Server is running on port 3000
[2024-09-21T13:22:20.157Z] info: Server is running on port 3000
[2024-09-21T13:22:26.696Z] info: Server is running on port 3000
[2024-09-21T13:22:30.609Z] info: Server is running on port 3000
